15:30:08 **** Build of configuration Debug for project launchpad ****
make all 
'Building file: ../init/config_nvic.c'
'Invoking: ARM C Compiler 5'
armcc -I"C:\Users\hw_5\Desktop\git_repository\Project\launchpad\Libraries" -I"C:\Users\hw_5\Desktop\git_repository\Project\launchpad\Libraries\CMSIS\CoreSupport" -I"C:\Users\hw_5\Desktop\git_repository\Project\launchpad\Libraries\CMSIS\DeviceSupport" -I"C:\Users\hw_5\Desktop\git_repository\Project\launchpad\Libraries\CMSIS\DeviceSupport\Startup" -I"C:\Users\hw_5\Desktop\git_repository\Project\launchpad\Libraries\STM32F10x_StdPeriph_Driver_v3.5\inc" -I"C:\Users\hw_5\Desktop\git_repository\Project\launchpad\Libraries\STM32F10x_StdPeriph_Driver_v3.5\src" -O0 --cpu=cortex-m3 -g -c -o "init/config_nvic.o" "../init/config_nvic.c"
"../init/config_nvic.h", line 22: Warning:  #1295-D: Deprecated declaration m_Init_USART2_NVIC - give arg types
  void m_Init_USART2_NVIC();
       ^
"../init/config_nvic.h", line 24: Warning:  #1295-D: Deprecated declaration m_Init_USART3_NVIC - give arg types
  void m_Init_USART3_NVIC();
       ^
"../init/config_nvic.c", line 11: Error:  #20: identifier "NVIC_InitTypeDef" is undefined
  	NVIC_InitTypeDef nvic_init_;
  	^
"../init/config_nvic.c", line 16: Warning:  #223-D: function "NVIC_Init" declared implicitly
  	NVIC_Init(&nvic_init_);
  	^
"../init/config_nvic.c", line 20: Error:  #20: identifier "NVIC_InitTypeDef" is undefined
  	NVIC_InitTypeDef nvic_init_;
  	^
"../init/config_nvic.c", line 25: Warning:  #223-D: function "NVIC_Init" declared implicitly
  	NVIC_Init(&nvic_init_);
  	^
../init/config_nvic.c: 4 warnings, 2 errors
make: *** [init/config_nvic.o] Error 1
15:30:54 **** Incremental Build of configuration Debug for project launchpad ****
make all 
'Building file: ../init/config_nvic.c'
'Invoking: ARM C Compiler 5'
armcc -I"C:\Users\hw_5\Desktop\git_repository\Project\launchpad\Libraries" -I"C:\Users\hw_5\Desktop\git_repository\Project\launchpad\Libraries\CMSIS\CoreSupport" -I"C:\Users\hw_5\Desktop\git_repository\Project\launchpad\Libraries\CMSIS\DeviceSupport" -I"C:\Users\hw_5\Desktop\git_repository\Project\launchpad\Libraries\CMSIS\DeviceSupport\Startup" -I"C:\Users\hw_5\Desktop\git_repository\Project\launchpad\Libraries\STM32F10x_StdPeriph_Driver_v3.5\inc" -I"C:\Users\hw_5\Desktop\git_repository\Project\launchpad\Libraries\STM32F10x_StdPeriph_Driver_v3.5\src" -O0 --cpu=cortex-m3 -g -c -o "init/config_nvic.o" "../init/config_nvic.c"
"../init/config_nvic.h", line 23: Warning:  #1295-D: Deprecated declaration m_Init_USART2_NVIC - give arg types
  void m_Init_USART2_NVIC();
       ^
"../init/config_nvic.h", line 25: Warning:  #1295-D: Deprecated declaration m_Init_USART3_NVIC - give arg types
  void m_Init_USART3_NVIC();
       ^
../init/config_nvic.c: 2 warnings, 0 errors
'Finished building: ../init/config_nvic.c'
' '
'Building file: ../init/config_system.c'
'Invoking: ARM C Compiler 5'
armcc -I"C:\Users\hw_5\Desktop\git_repository\Project\launchpad\Libraries" -I"C:\Users\hw_5\Desktop\git_repository\Project\launchpad\Libraries\CMSIS\CoreSupport" -I"C:\Users\hw_5\Desktop\git_repository\Project\launchpad\Libraries\CMSIS\DeviceSupport" -I"C:\Users\hw_5\Desktop\git_repository\Project\launchpad\Libraries\CMSIS\DeviceSupport\Startup" -I"C:\Users\hw_5\Desktop\git_repository\Project\launchpad\Libraries\STM32F10x_StdPeriph_Driver_v3.5\inc" -I"C:\Users\hw_5\Desktop\git_repository\Project\launchpad\Libraries\STM32F10x_StdPeriph_Driver_v3.5\src" -O0 --cpu=cortex-m3 -g -c -o "init/config_system.o" "../init/config_system.c"
"../init/config_system.h", line 17: Warning:  #1295-D: Deprecated declaration m_Init_GPIOA_Clock - give arg types
  void m_Init_GPIOA_Clock();
       ^
"../init/config_system.h", line 19: Warning:  #1295-D: Deprecated declaration m_Init_GPIOC_Clock - give arg types
  void m_Init_GPIOC_Clock();
       ^
"../init/config_system.h", line 21: Warning:  #1295-D: Deprecated declaration m_Init_USART2_Clock - give arg types
  void m_Init_USART2_Clock();
       ^
"../init/config_system.h", line 23: Warning:  #1295-D: Deprecated declaration m_Init_USART3_Clock - give arg types
  void m_Init_USART3_Clock();
       ^
../init/config_system.c: 4 warnings, 0 errors
'Finished building: ../init/config_system.c'
' '
'Building file: ../bluetooth/config_bluetooth.c'
'Invoking: ARM C Compiler 5'
armcc -I"C:\Users\hw_5\Desktop\git_repository\Project\launchpad\Libraries" -I"C:\Users\hw_5\Desktop\git_repository\Project\launchpad\Libraries\CMSIS\CoreSupport" -I"C:\Users\hw_5\Desktop\git_repository\Project\launchpad\Libraries\CMSIS\DeviceSupport" -I"C:\Users\hw_5\Desktop\git_repository\Project\launchpad\Libraries\CMSIS\DeviceSupport\Startup" -I"C:\Users\hw_5\Desktop\git_repository\Project\launchpad\Libraries\STM32F10x_StdPeriph_Driver_v3.5\inc" -I"C:\Users\hw_5\Desktop\git_repository\Project\launchpad\Libraries\STM32F10x_StdPeriph_Driver_v3.5\src" -O0 --cpu=cortex-m3 -g -c -o "bluetooth/config_bluetooth.o" "../bluetooth/config_bluetooth.c"
"../bluetooth/config_bluetooth.h", line 25: Warning:  #1295-D: Deprecated declaration m_Init_BT_USART3 - give arg types
  void m_Init_BT_USART3();
       ^
"../bluetooth/config_bluetooth.h", line 27: Warning:  #1295-D: Deprecated declaration m_Init_BT_USART2 - give arg types
  void m_Init_BT_USART2();
       ^
"../bluetooth/config_bluetooth.h", line 29: Warning:  #1295-D: Deprecated declaration m_Init_BT_USART3_GPIOC - give arg types
  void m_Init_BT_USART3_GPIOC();
       ^
"../bluetooth/config_bluetooth.h", line 31: Warning:  #1295-D: Deprecated declaration m_Init_BT_USART2_GPIOA - give arg types
  void m_Init_BT_USART2_GPIOA();
       ^
"../bluetooth/config_bluetooth.h", line 33: Warning:  #1295-D: Deprecated declaration m_Init_BT_USART2_EXIT - give arg types
  void m_Init_BT_USART2_EXIT();
       ^
"../bluetooth/config_bluetooth.h", line 35: Warning:  #1295-D: Deprecated declaration m_Init_BT_USART3_EXIT - give arg types
  void m_Init_BT_USART3_EXIT();
       ^
../bluetooth/config_bluetooth.c: 6 warnings, 0 errors
'Finished building: ../bluetooth/config_bluetooth.c'
' '
'Building file: ../Libraries/STM32F10x_StdPeriph_Driver_v3.5/src/misc.c'
'Invoking: ARM C Compiler 5'
armcc -I"C:\Users\hw_5\Desktop\git_repository\Project\launchpad\Libraries" -I"C:\Users\hw_5\Desktop\git_repository\Project\launchpad\Libraries\CMSIS\CoreSupport" -I"C:\Users\hw_5\Desktop\git_repository\Project\launchpad\Libraries\CMSIS\DeviceSupport" -I"C:\Users\hw_5\Desktop\git_repository\Project\launchpad\Libraries\CMSIS\DeviceSupport\Startup" -I"C:\Users\hw_5\Desktop\git_repository\Project\launchpad\Libraries\STM32F10x_StdPeriph_Driver_v3.5\inc" -I"C:\Users\hw_5\Desktop\git_repository\Project\launchpad\Libraries\STM32F10x_StdPeriph_Driver_v3.5\src" -O0 --cpu=cortex-m3 -g -c -o "Libraries/STM32F10x_StdPeriph_Driver_v3.5/src/misc.o" "../Libraries/STM32F10x_StdPeriph_Driver_v3.5/src/misc.c"
'Finished building: ../Libraries/STM32F10x_StdPeriph_Driver_v3.5/src/misc.c'
' '
'Building file: ../Libraries/STM32F10x_StdPeriph_Driver_v3.5/src/stm32f10x_adc.c'
'Invoking: ARM C Compiler 5'
armcc -I"C:\Users\hw_5\Desktop\git_repository\Project\launchpad\Libraries" -I"C:\Users\hw_5\Desktop\git_repository\Project\launchpad\Libraries\CMSIS\CoreSupport" -I"C:\Users\hw_5\Desktop\git_repository\Project\launchpad\Libraries\CMSIS\DeviceSupport" -I"C:\Users\hw_5\Desktop\git_repository\Project\launchpad\Libraries\CMSIS\DeviceSupport\Startup" -I"C:\Users\hw_5\Desktop\git_repository\Project\launchpad\Libraries\STM32F10x_StdPeriph_Driver_v3.5\inc" -I"C:\Users\hw_5\Desktop\git_repository\Project\launchpad\Libraries\STM32F10x_StdPeriph_Driver_v3.5\src" -O0 --cpu=cortex-m3 -g -c -o "Libraries/STM32F10x_StdPeriph_Driver_v3.5/src/stm32f10x_adc.o" "../Libraries/STM32F10x_StdPeriph_Driver_v3.5/src/stm32f10x_adc.c"
'Finished building: ../Libraries/STM32F10x_StdPeriph_Driver_v3.5/src/stm32f10x_adc.c'
' '
'Building file: ../Libraries/STM32F10x_StdPeriph_Driver_v3.5/src/stm32f10x_bkp.c'
'Invoking: ARM C Compiler 5'
armcc -I"C:\Users\hw_5\Desktop\git_repository\Project\launchpad\Libraries" -I"C:\Users\hw_5\Desktop\git_repository\Project\launchpad\Libraries\CMSIS\CoreSupport" -I"C:\Users\hw_5\Desktop\git_repository\Project\launchpad\Libraries\CMSIS\DeviceSupport" -I"C:\Users\hw_5\Desktop\git_repository\Project\launchpad\Libraries\CMSIS\DeviceSupport\Startup" -I"C:\Users\hw_5\Desktop\git_repository\Project\launchpad\Libraries\STM32F10x_StdPeriph_Driver_v3.5\inc" -I"C:\Users\hw_5\Desktop\git_repository\Project\launchpad\Libraries\STM32F10x_StdPeriph_Driver_v3.5\src" -O0 --cpu=cortex-m3 -g -c -o "Libraries/STM32F10x_StdPeriph_Driver_v3.5/src/stm32f10x_bkp.o" "../Libraries/STM32F10x_StdPeriph_Driver_v3.5/src/stm32f10x_bkp.c"
'Finished building: ../Libraries/STM32F10x_StdPeriph_Driver_v3.5/src/stm32f10x_bkp.c'
' '
'Building file: ../Libraries/STM32F10x_StdPeriph_Driver_v3.5/src/stm32f10x_can.c'
'Invoking: ARM C Compiler 5'
armcc -I"C:\Users\hw_5\Desktop\git_repository\Project\launchpad\Libraries" -I"C:\Users\hw_5\Desktop\git_repository\Project\launchpad\Libraries\CMSIS\CoreSupport" -I"C:\Users\hw_5\Desktop\git_repository\Project\launchpad\Libraries\CMSIS\DeviceSupport" -I"C:\Users\hw_5\Desktop\git_repository\Project\launchpad\Libraries\CMSIS\DeviceSupport\Startup" -I"C:\Users\hw_5\Desktop\git_repository\Project\launchpad\Libraries\STM32F10x_StdPeriph_Driver_v3.5\inc" -I"C:\Users\hw_5\Desktop\git_repository\Project\launchpad\Libraries\STM32F10x_StdPeriph_Driver_v3.5\src" -O0 --cpu=cortex-m3 -g -c -o "Libraries/STM32F10x_StdPeriph_Driver_v3.5/src/stm32f10x_can.o" "../Libraries/STM32F10x_StdPeriph_Driver_v3.5/src/stm32f10x_can.c"
'Finished building: ../Libraries/STM32F10x_StdPeriph_Driver_v3.5/src/stm32f10x_can.c'
' '
'Building file: ../Libraries/STM32F10x_StdPeriph_Driver_v3.5/src/stm32f10x_cec.c'
'Invoking: ARM C Compiler 5'
armcc -I"C:\Users\hw_5\Desktop\git_repository\Project\launchpad\Libraries" -I"C:\Users\hw_5\Desktop\git_repository\Project\launchpad\Libraries\CMSIS\CoreSupport" -I"C:\Users\hw_5\Desktop\git_repository\Project\launchpad\Libraries\CMSIS\DeviceSupport" -I"C:\Users\hw_5\Desktop\git_repository\Project\launchpad\Libraries\CMSIS\DeviceSupport\Startup" -I"C:\Users\hw_5\Desktop\git_repository\Project\launchpad\Libraries\STM32F10x_StdPeriph_Driver_v3.5\inc" -I"C:\Users\hw_5\Desktop\git_repository\Project\launchpad\Libraries\STM32F10x_StdPeriph_Driver_v3.5\src" -O0 --cpu=cortex-m3 -g -c -o "Libraries/STM32F10x_StdPeriph_Driver_v3.5/src/stm32f10x_cec.o" "../Libraries/STM32F10x_StdPeriph_Driver_v3.5/src/stm32f10x_cec.c"
'Finished building: ../Libraries/STM32F10x_StdPeriph_Driver_v3.5/src/stm32f10x_cec.c'
' '
'Building file: ../Libraries/STM32F10x_StdPeriph_Driver_v3.5/src/stm32f10x_crc.c'
'Invoking: ARM C Compiler 5'
armcc -I"C:\Users\hw_5\Desktop\git_repository\Project\launchpad\Libraries" -I"C:\Users\hw_5\Desktop\git_repository\Project\launchpad\Libraries\CMSIS\CoreSupport" -I"C:\Users\hw_5\Desktop\git_repository\Project\launchpad\Libraries\CMSIS\DeviceSupport" -I"C:\Users\hw_5\Desktop\git_repository\Project\launchpad\Libraries\CMSIS\DeviceSupport\Startup" -I"C:\Users\hw_5\Desktop\git_repository\Project\launchpad\Libraries\STM32F10x_StdPeriph_Driver_v3.5\inc" -I"C:\Users\hw_5\Desktop\git_repository\Project\launchpad\Libraries\STM32F10x_StdPeriph_Driver_v3.5\src" -O0 --cpu=cortex-m3 -g -c -o "Libraries/STM32F10x_StdPeriph_Driver_v3.5/src/stm32f10x_crc.o" "../Libraries/STM32F10x_StdPeriph_Driver_v3.5/src/stm32f10x_crc.c"
'Finished building: ../Libraries/STM32F10x_StdPeriph_Driver_v3.5/src/stm32f10x_crc.c'
' '
'Building file: ../Libraries/STM32F10x_StdPeriph_Driver_v3.5/src/stm32f10x_dac.c'
'Invoking: ARM C Compiler 5'
armcc -I"C:\Users\hw_5\Desktop\git_repository\Project\launchpad\Libraries" -I"C:\Users\hw_5\Desktop\git_repository\Project\launchpad\Libraries\CMSIS\CoreSupport" -I"C:\Users\hw_5\Desktop\git_repository\Project\launchpad\Libraries\CMSIS\DeviceSupport" -I"C:\Users\hw_5\Desktop\git_repository\Project\launchpad\Libraries\CMSIS\DeviceSupport\Startup" -I"C:\Users\hw_5\Desktop\git_repository\Project\launchpad\Libraries\STM32F10x_StdPeriph_Driver_v3.5\inc" -I"C:\Users\hw_5\Desktop\git_repository\Project\launchpad\Libraries\STM32F10x_StdPeriph_Driver_v3.5\src" -O0 --cpu=cortex-m3 -g -c -o "Libraries/STM32F10x_StdPeriph_Driver_v3.5/src/stm32f10x_dac.o" "../Libraries/STM32F10x_StdPeriph_Driver_v3.5/src/stm32f10x_dac.c"
'Finished building: ../Libraries/STM32F10x_StdPeriph_Driver_v3.5/src/stm32f10x_dac.c'
' '
'Building file: ../Libraries/STM32F10x_StdPeriph_Driver_v3.5/src/stm32f10x_dbgmcu.c'
'Invoking: ARM C Compiler 5'
armcc -I"C:\Users\hw_5\Desktop\git_repository\Project\launchpad\Libraries" -I"C:\Users\hw_5\Desktop\git_repository\Project\launchpad\Libraries\CMSIS\CoreSupport" -I"C:\Users\hw_5\Desktop\git_repository\Project\launchpad\Libraries\CMSIS\DeviceSupport" -I"C:\Users\hw_5\Desktop\git_repository\Project\launchpad\Libraries\CMSIS\DeviceSupport\Startup" -I"C:\Users\hw_5\Desktop\git_repository\Project\launchpad\Libraries\STM32F10x_StdPeriph_Driver_v3.5\inc" -I"C:\Users\hw_5\Desktop\git_repository\Project\launchpad\Libraries\STM32F10x_StdPeriph_Driver_v3.5\src" -O0 --cpu=cortex-m3 -g -c -o "Libraries/STM32F10x_StdPeriph_Driver_v3.5/src/stm32f10x_dbgmcu.o" "../Libraries/STM32F10x_StdPeriph_Driver_v3.5/src/stm32f10x_dbgmcu.c"
'Finished building: ../Libraries/STM32F10x_StdPeriph_Driver_v3.5/src/stm32f10x_dbgmcu.c'
' '
'Building file: ../Libraries/STM32F10x_StdPeriph_Driver_v3.5/src/stm32f10x_dma.c'
'Invoking: ARM C Compiler 5'
armcc -I"C:\Users\hw_5\Desktop\git_repository\Project\launchpad\Libraries" -I"C:\Users\hw_5\Desktop\git_repository\Project\launchpad\Libraries\CMSIS\CoreSupport" -I"C:\Users\hw_5\Desktop\git_repository\Project\launchpad\Libraries\CMSIS\DeviceSupport" -I"C:\Users\hw_5\Desktop\git_repository\Project\launchpad\Libraries\CMSIS\DeviceSupport\Startup" -I"C:\Users\hw_5\Desktop\git_repository\Project\launchpad\Libraries\STM32F10x_StdPeriph_Driver_v3.5\inc" -I"C:\Users\hw_5\Desktop\git_repository\Project\launchpad\Libraries\STM32F10x_StdPeriph_Driver_v3.5\src" -O0 --cpu=cortex-m3 -g -c -o "Libraries/STM32F10x_StdPeriph_Driver_v3.5/src/stm32f10x_dma.o" "../Libraries/STM32F10x_StdPeriph_Driver_v3.5/src/stm32f10x_dma.c"
'Finished building: ../Libraries/STM32F10x_StdPeriph_Driver_v3.5/src/stm32f10x_dma.c'
' '
'Building file: ../Libraries/STM32F10x_StdPeriph_Driver_v3.5/src/stm32f10x_exti.c'
'Invoking: ARM C Compiler 5'
armcc -I"C:\Users\hw_5\Desktop\git_repository\Project\launchpad\Libraries" -I"C:\Users\hw_5\Desktop\git_repository\Project\launchpad\Libraries\CMSIS\CoreSupport" -I"C:\Users\hw_5\Desktop\git_repository\Project\launchpad\Libraries\CMSIS\DeviceSupport" -I"C:\Users\hw_5\Desktop\git_repository\Project\launchpad\Libraries\CMSIS\DeviceSupport\Startup" -I"C:\Users\hw_5\Desktop\git_repository\Project\launchpad\Libraries\STM32F10x_StdPeriph_Driver_v3.5\inc" -I"C:\Users\hw_5\Desktop\git_repository\Project\launchpad\Libraries\STM32F10x_StdPeriph_Driver_v3.5\src" -O0 --cpu=cortex-m3 -g -c -o "Libraries/STM32F10x_StdPeriph_Driver_v3.5/src/stm32f10x_exti.o" "../Libraries/STM32F10x_StdPeriph_Driver_v3.5/src/stm32f10x_exti.c"
'Finished building: ../Libraries/STM32F10x_StdPeriph_Driver_v3.5/src/stm32f10x_exti.c'
' '
'Building file: ../Libraries/STM32F10x_StdPeriph_Driver_v3.5/src/stm32f10x_flash.c'
'Invoking: ARM C Compiler 5'
armcc -I"C:\Users\hw_5\Desktop\git_repository\Project\launchpad\Libraries" -I"C:\Users\hw_5\Desktop\git_repository\Project\launchpad\Libraries\CMSIS\CoreSupport" -I"C:\Users\hw_5\Desktop\git_repository\Project\launchpad\Libraries\CMSIS\DeviceSupport" -I"C:\Users\hw_5\Desktop\git_repository\Project\launchpad\Libraries\CMSIS\DeviceSupport\Startup" -I"C:\Users\hw_5\Desktop\git_repository\Project\launchpad\Libraries\STM32F10x_StdPeriph_Driver_v3.5\inc" -I"C:\Users\hw_5\Desktop\git_repository\Project\launchpad\Libraries\STM32F10x_StdPeriph_Driver_v3.5\src" -O0 --cpu=cortex-m3 -g -c -o "Libraries/STM32F10x_StdPeriph_Driver_v3.5/src/stm32f10x_flash.o" "../Libraries/STM32F10x_StdPeriph_Driver_v3.5/src/stm32f10x_flash.c"
'Finished building: ../Libraries/STM32F10x_StdPeriph_Driver_v3.5/src/stm32f10x_flash.c'
' '
'Building file: ../Libraries/STM32F10x_StdPeriph_Driver_v3.5/src/stm32f10x_fsmc.c'
'Invoking: ARM C Compiler 5'
armcc -I"C:\Users\hw_5\Desktop\git_repository\Project\launchpad\Libraries" -I"C:\Users\hw_5\Desktop\git_repository\Project\launchpad\Libraries\CMSIS\CoreSupport" -I"C:\Users\hw_5\Desktop\git_repository\Project\launchpad\Libraries\CMSIS\DeviceSupport" -I"C:\Users\hw_5\Desktop\git_repository\Project\launchpad\Libraries\CMSIS\DeviceSupport\Startup" -I"C:\Users\hw_5\Desktop\git_repository\Project\launchpad\Libraries\STM32F10x_StdPeriph_Driver_v3.5\inc" -I"C:\Users\hw_5\Desktop\git_repository\Project\launchpad\Libraries\STM32F10x_StdPeriph_Driver_v3.5\src" -O0 --cpu=cortex-m3 -g -c -o "Libraries/STM32F10x_StdPeriph_Driver_v3.5/src/stm32f10x_fsmc.o" "../Libraries/STM32F10x_StdPeriph_Driver_v3.5/src/stm32f10x_fsmc.c"
'Finished building: ../Libraries/STM32F10x_StdPeriph_Driver_v3.5/src/stm32f10x_fsmc.c'
' '
'Building file: ../Libraries/STM32F10x_StdPeriph_Driver_v3.5/src/stm32f10x_gpio.c'
'Invoking: ARM C Compiler 5'
armcc -I"C:\Users\hw_5\Desktop\git_repository\Project\launchpad\Libraries" -I"C:\Users\hw_5\Desktop\git_repository\Project\launchpad\Libraries\CMSIS\CoreSupport" -I"C:\Users\hw_5\Desktop\git_repository\Project\launchpad\Libraries\CMSIS\DeviceSupport" -I"C:\Users\hw_5\Desktop\git_repository\Project\launchpad\Libraries\CMSIS\DeviceSupport\Startup" -I"C:\Users\hw_5\Desktop\git_repository\Project\launchpad\Libraries\STM32F10x_StdPeriph_Driver_v3.5\inc" -I"C:\Users\hw_5\Desktop\git_repository\Project\launchpad\Libraries\STM32F10x_StdPeriph_Driver_v3.5\src" -O0 --cpu=cortex-m3 -g -c -o "Libraries/STM32F10x_StdPeriph_Driver_v3.5/src/stm32f10x_gpio.o" "../Libraries/STM32F10x_StdPeriph_Driver_v3.5/src/stm32f10x_gpio.c"
'Finished building: ../Libraries/STM32F10x_StdPeriph_Driver_v3.5/src/stm32f10x_gpio.c'
' '
'Building file: ../Libraries/STM32F10x_StdPeriph_Driver_v3.5/src/stm32f10x_i2c.c'
'Invoking: ARM C Compiler 5'
armcc -I"C:\Users\hw_5\Desktop\git_repository\Project\launchpad\Libraries" -I"C:\Users\hw_5\Desktop\git_repository\Project\launchpad\Libraries\CMSIS\CoreSupport" -I"C:\Users\hw_5\Desktop\git_repository\Project\launchpad\Libraries\CMSIS\DeviceSupport" -I"C:\Users\hw_5\Desktop\git_repository\Project\launchpad\Libraries\CMSIS\DeviceSupport\Startup" -I"C:\Users\hw_5\Desktop\git_repository\Project\launchpad\Libraries\STM32F10x_StdPeriph_Driver_v3.5\inc" -I"C:\Users\hw_5\Desktop\git_repository\Project\launchpad\Libraries\STM32F10x_StdPeriph_Driver_v3.5\src" -O0 --cpu=cortex-m3 -g -c -o "Libraries/STM32F10x_StdPeriph_Driver_v3.5/src/stm32f10x_i2c.o" "../Libraries/STM32F10x_StdPeriph_Driver_v3.5/src/stm32f10x_i2c.c"
'Finished building: ../Libraries/STM32F10x_StdPeriph_Driver_v3.5/src/stm32f10x_i2c.c'
' '
'Building file: ../Libraries/STM32F10x_StdPeriph_Driver_v3.5/src/stm32f10x_iwdg.c'
'Invoking: ARM C Compiler 5'
armcc -I"C:\Users\hw_5\Desktop\git_repository\Project\launchpad\Libraries" -I"C:\Users\hw_5\Desktop\git_repository\Project\launchpad\Libraries\CMSIS\CoreSupport" -I"C:\Users\hw_5\Desktop\git_repository\Project\launchpad\Libraries\CMSIS\DeviceSupport" -I"C:\Users\hw_5\Desktop\git_repository\Project\launchpad\Libraries\CMSIS\DeviceSupport\Startup" -I"C:\Users\hw_5\Desktop\git_repository\Project\launchpad\Libraries\STM32F10x_StdPeriph_Driver_v3.5\inc" -I"C:\Users\hw_5\Desktop\git_repository\Project\launchpad\Libraries\STM32F10x_StdPeriph_Driver_v3.5\src" -O0 --cpu=cortex-m3 -g -c -o "Libraries/STM32F10x_StdPeriph_Driver_v3.5/src/stm32f10x_iwdg.o" "../Libraries/STM32F10x_StdPeriph_Driver_v3.5/src/stm32f10x_iwdg.c"
'Finished building: ../Libraries/STM32F10x_StdPeriph_Driver_v3.5/src/stm32f10x_iwdg.c'
' '
'Building file: ../Libraries/STM32F10x_StdPeriph_Driver_v3.5/src/stm32f10x_pwr.c'
'Invoking: ARM C Compiler 5'
armcc -I"C:\Users\hw_5\Desktop\git_repository\Project\launchpad\Libraries" -I"C:\Users\hw_5\Desktop\git_repository\Project\launchpad\Libraries\CMSIS\CoreSupport" -I"C:\Users\hw_5\Desktop\git_repository\Project\launchpad\Libraries\CMSIS\DeviceSupport" -I"C:\Users\hw_5\Desktop\git_repository\Project\launchpad\Libraries\CMSIS\DeviceSupport\Startup" -I"C:\Users\hw_5\Desktop\git_repository\Project\launchpad\Libraries\STM32F10x_StdPeriph_Driver_v3.5\inc" -I"C:\Users\hw_5\Desktop\git_repository\Project\launchpad\Libraries\STM32F10x_StdPeriph_Driver_v3.5\src" -O0 --cpu=cortex-m3 -g -c -o "Libraries/STM32F10x_StdPeriph_Driver_v3.5/src/stm32f10x_pwr.o" "../Libraries/STM32F10x_StdPeriph_Driver_v3.5/src/stm32f10x_pwr.c"
'Finished building: ../Libraries/STM32F10x_StdPeriph_Driver_v3.5/src/stm32f10x_pwr.c'
' '
'Building file: ../Libraries/STM32F10x_StdPeriph_Driver_v3.5/src/stm32f10x_rcc.c'
'Invoking: ARM C Compiler 5'
armcc -I"C:\Users\hw_5\Desktop\git_repository\Project\launchpad\Libraries" -I"C:\Users\hw_5\Desktop\git_repository\Project\launchpad\Libraries\CMSIS\CoreSupport" -I"C:\Users\hw_5\Desktop\git_repository\Project\launchpad\Libraries\CMSIS\DeviceSupport" -I"C:\Users\hw_5\Desktop\git_repository\Project\launchpad\Libraries\CMSIS\DeviceSupport\Startup" -I"C:\Users\hw_5\Desktop\git_repository\Project\launchpad\Libraries\STM32F10x_StdPeriph_Driver_v3.5\inc" -I"C:\Users\hw_5\Desktop\git_repository\Project\launchpad\Libraries\STM32F10x_StdPeriph_Driver_v3.5\src" -O0 --cpu=cortex-m3 -g -c -o "Libraries/STM32F10x_StdPeriph_Driver_v3.5/src/stm32f10x_rcc.o" "../Libraries/STM32F10x_StdPeriph_Driver_v3.5/src/stm32f10x_rcc.c"
'Finished building: ../Libraries/STM32F10x_StdPeriph_Driver_v3.5/src/stm32f10x_rcc.c'
' '
'Building file: ../Libraries/STM32F10x_StdPeriph_Driver_v3.5/src/stm32f10x_rtc.c'
'Invoking: ARM C Compiler 5'
armcc -I"C:\Users\hw_5\Desktop\git_repository\Project\launchpad\Libraries" -I"C:\Users\hw_5\Desktop\git_repository\Project\launchpad\Libraries\CMSIS\CoreSupport" -I"C:\Users\hw_5\Desktop\git_repository\Project\launchpad\Libraries\CMSIS\DeviceSupport" -I"C:\Users\hw_5\Desktop\git_repository\Project\launchpad\Libraries\CMSIS\DeviceSupport\Startup" -I"C:\Users\hw_5\Desktop\git_repository\Project\launchpad\Libraries\STM32F10x_StdPeriph_Driver_v3.5\inc" -I"C:\Users\hw_5\Desktop\git_repository\Project\launchpad\Libraries\STM32F10x_StdPeriph_Driver_v3.5\src" -O0 --cpu=cortex-m3 -g -c -o "Libraries/STM32F10x_StdPeriph_Driver_v3.5/src/stm32f10x_rtc.o" "../Libraries/STM32F10x_StdPeriph_Driver_v3.5/src/stm32f10x_rtc.c"
'Finished building: ../Libraries/STM32F10x_StdPeriph_Driver_v3.5/src/stm32f10x_rtc.c'
' '
'Building file: ../Libraries/STM32F10x_StdPeriph_Driver_v3.5/src/stm32f10x_sdio.c'
'Invoking: ARM C Compiler 5'
armcc -I"C:\Users\hw_5\Desktop\git_repository\Project\launchpad\Libraries" -I"C:\Users\hw_5\Desktop\git_repository\Project\launchpad\Libraries\CMSIS\CoreSupport" -I"C:\Users\hw_5\Desktop\git_repository\Project\launchpad\Libraries\CMSIS\DeviceSupport" -I"C:\Users\hw_5\Desktop\git_repository\Project\launchpad\Libraries\CMSIS\DeviceSupport\Startup" -I"C:\Users\hw_5\Desktop\git_repository\Project\launchpad\Libraries\STM32F10x_StdPeriph_Driver_v3.5\inc" -I"C:\Users\hw_5\Desktop\git_repository\Project\launchpad\Libraries\STM32F10x_StdPeriph_Driver_v3.5\src" -O0 --cpu=cortex-m3 -g -c -o "Libraries/STM32F10x_StdPeriph_Driver_v3.5/src/stm32f10x_sdio.o" "../Libraries/STM32F10x_StdPeriph_Driver_v3.5/src/stm32f10x_sdio.c"
'Finished building: ../Libraries/STM32F10x_StdPeriph_Driver_v3.5/src/stm32f10x_sdio.c'
' '
'Building file: ../Libraries/STM32F10x_StdPeriph_Driver_v3.5/src/stm32f10x_spi.c'
'Invoking: ARM C Compiler 5'
armcc -I"C:\Users\hw_5\Desktop\git_repository\Project\launchpad\Libraries" -I"C:\Users\hw_5\Desktop\git_repository\Project\launchpad\Libraries\CMSIS\CoreSupport" -I"C:\Users\hw_5\Desktop\git_repository\Project\launchpad\Libraries\CMSIS\DeviceSupport" -I"C:\Users\hw_5\Desktop\git_repository\Project\launchpad\Libraries\CMSIS\DeviceSupport\Startup" -I"C:\Users\hw_5\Desktop\git_repository\Project\launchpad\Libraries\STM32F10x_StdPeriph_Driver_v3.5\inc" -I"C:\Users\hw_5\Desktop\git_repository\Project\launchpad\Libraries\STM32F10x_StdPeriph_Driver_v3.5\src" -O0 --cpu=cortex-m3 -g -c -o "Libraries/STM32F10x_StdPeriph_Driver_v3.5/src/stm32f10x_spi.o" "../Libraries/STM32F10x_StdPeriph_Driver_v3.5/src/stm32f10x_spi.c"
'Finished building: ../Libraries/STM32F10x_StdPeriph_Driver_v3.5/src/stm32f10x_spi.c'
' '
'Building file: ../Libraries/STM32F10x_StdPeriph_Driver_v3.5/src/stm32f10x_tim.c'
'Invoking: ARM C Compiler 5'
armcc -I"C:\Users\hw_5\Desktop\git_repository\Project\launchpad\Libraries" -I"C:\Users\hw_5\Desktop\git_repository\Project\launchpad\Libraries\CMSIS\CoreSupport" -I"C:\Users\hw_5\Desktop\git_repository\Project\launchpad\Libraries\CMSIS\DeviceSupport" -I"C:\Users\hw_5\Desktop\git_repository\Project\launchpad\Libraries\CMSIS\DeviceSupport\Startup" -I"C:\Users\hw_5\Desktop\git_repository\Project\launchpad\Libraries\STM32F10x_StdPeriph_Driver_v3.5\inc" -I"C:\Users\hw_5\Desktop\git_repository\Project\launchpad\Libraries\STM32F10x_StdPeriph_Driver_v3.5\src" -O0 --cpu=cortex-m3 -g -c -o "Libraries/STM32F10x_StdPeriph_Driver_v3.5/src/stm32f10x_tim.o" "../Libraries/STM32F10x_StdPeriph_Driver_v3.5/src/stm32f10x_tim.c"
'Finished building: ../Libraries/STM32F10x_StdPeriph_Driver_v3.5/src/stm32f10x_tim.c'
' '
'Building file: ../Libraries/STM32F10x_StdPeriph_Driver_v3.5/src/stm32f10x_usart.c'
'Invoking: ARM C Compiler 5'
armcc -I"C:\Users\hw_5\Desktop\git_repository\Project\launchpad\Libraries" -I"C:\Users\hw_5\Desktop\git_repository\Project\launchpad\Libraries\CMSIS\CoreSupport" -I"C:\Users\hw_5\Desktop\git_repository\Project\launchpad\Libraries\CMSIS\DeviceSupport" -I"C:\Users\hw_5\Desktop\git_repository\Project\launchpad\Libraries\CMSIS\DeviceSupport\Startup" -I"C:\Users\hw_5\Desktop\git_repository\Project\launchpad\Libraries\STM32F10x_StdPeriph_Driver_v3.5\inc" -I"C:\Users\hw_5\Desktop\git_repository\Project\launchpad\Libraries\STM32F10x_StdPeriph_Driver_v3.5\src" -O0 --cpu=cortex-m3 -g -c -o "Libraries/STM32F10x_StdPeriph_Driver_v3.5/src/stm32f10x_usart.o" "../Libraries/STM32F10x_StdPeriph_Driver_v3.5/src/stm32f10x_usart.c"
'Finished building: ../Libraries/STM32F10x_StdPeriph_Driver_v3.5/src/stm32f10x_usart.c'
' '
'Building file: ../Libraries/STM32F10x_StdPeriph_Driver_v3.5/src/stm32f10x_wwdg.c'
'Invoking: ARM C Compiler 5'
armcc -I"C:\Users\hw_5\Desktop\git_repository\Project\launchpad\Libraries" -I"C:\Users\hw_5\Desktop\git_repository\Project\launchpad\Libraries\CMSIS\CoreSupport" -I"C:\Users\hw_5\Desktop\git_repository\Project\launchpad\Libraries\CMSIS\DeviceSupport" -I"C:\Users\hw_5\Desktop\git_repository\Project\launchpad\Libraries\CMSIS\DeviceSupport\Startup" -I"C:\Users\hw_5\Desktop\git_repository\Project\launchpad\Libraries\STM32F10x_StdPeriph_Driver_v3.5\inc" -I"C:\Users\hw_5\Desktop\git_repository\Project\launchpad\Libraries\STM32F10x_StdPeriph_Driver_v3.5\src" -O0 --cpu=cortex-m3 -g -c -o "Libraries/STM32F10x_StdPeriph_Driver_v3.5/src/stm32f10x_wwdg.o" "../Libraries/STM32F10x_StdPeriph_Driver_v3.5/src/stm32f10x_wwdg.c"
'Finished building: ../Libraries/STM32F10x_StdPeriph_Driver_v3.5/src/stm32f10x_wwdg.c'
' '
'Building file: ../Libraries/CMSIS/DeviceSupport/Startup/startup_stm32f10x_cl.s'
'Invoking: ARM Assembler 5'
armasm --cpu=cortex-m3 -g -o "Libraries/CMSIS/DeviceSupport/Startup/startup_stm32f10x_cl.o" "../Libraries/CMSIS/DeviceSupport/Startup/startup_stm32f10x_cl.s"
'Finished building: ../Libraries/CMSIS/DeviceSupport/Startup/startup_stm32f10x_cl.s'
' '
'Building file: ../Libraries/CMSIS/DeviceSupport/system_stm32f10x.c'
'Invoking: ARM C Compiler 5'
armcc -I"C:\Users\hw_5\Desktop\git_repository\Project\launchpad\Libraries" -I"C:\Users\hw_5\Desktop\git_repository\Project\launchpad\Libraries\CMSIS\CoreSupport" -I"C:\Users\hw_5\Desktop\git_repository\Project\launchpad\Libraries\CMSIS\DeviceSupport" -I"C:\Users\hw_5\Desktop\git_repository\Project\launchpad\Libraries\CMSIS\DeviceSupport\Startup" -I"C:\Users\hw_5\Desktop\git_repository\Project\launchpad\Libraries\STM32F10x_StdPeriph_Driver_v3.5\inc" -I"C:\Users\hw_5\Desktop\git_repository\Project\launchpad\Libraries\STM32F10x_StdPeriph_Driver_v3.5\src" -O0 --cpu=cortex-m3 -g -c -o "Libraries/CMSIS/DeviceSupport/system_stm32f10x.o" "../Libraries/CMSIS/DeviceSupport/system_stm32f10x.c"
'Finished building: ../Libraries/CMSIS/DeviceSupport/system_stm32f10x.c'
' '
'Building file: ../Libraries/CMSIS/CoreSupport/core_cm3.c'
'Invoking: ARM C Compiler 5'
armcc -I"C:\Users\hw_5\Desktop\git_repository\Project\launchpad\Libraries" -I"C:\Users\hw_5\Desktop\git_repository\Project\launchpad\Libraries\CMSIS\CoreSupport" -I"C:\Users\hw_5\Desktop\git_repository\Project\launchpad\Libraries\CMSIS\DeviceSupport" -I"C:\Users\hw_5\Desktop\git_repository\Project\launchpad\Libraries\CMSIS\DeviceSupport\Startup" -I"C:\Users\hw_5\Desktop\git_repository\Project\launchpad\Libraries\STM32F10x_StdPeriph_Driver_v3.5\inc" -I"C:\Users\hw_5\Desktop\git_repository\Project\launchpad\Libraries\STM32F10x_StdPeriph_Driver_v3.5\src" -O0 --cpu=cortex-m3 -g -c -o "Libraries/CMSIS/CoreSupport/core_cm3.o" "../Libraries/CMSIS/CoreSupport/core_cm3.c"
'Finished building: ../Libraries/CMSIS/CoreSupport/core_cm3.c'
' '
'Building file: ../Libraries/Touch.c'
'Invoking: ARM C Compiler 5'
armcc -I"C:\Users\hw_5\Desktop\git_repository\Project\launchpad\Libraries" -I"C:\Users\hw_5\Desktop\git_repository\Project\launchpad\Libraries\CMSIS\CoreSupport" -I"C:\Users\hw_5\Desktop\git_repository\Project\launchpad\Libraries\CMSIS\DeviceSupport" -I"C:\Users\hw_5\Desktop\git_repository\Project\launchpad\Libraries\CMSIS\DeviceSupport\Startup" -I"C:\Users\hw_5\Desktop\git_repository\Project\launchpad\Libraries\STM32F10x_StdPeriph_Driver_v3.5\inc" -I"C:\Users\hw_5\Desktop\git_repository\Project\launchpad\Libraries\STM32F10x_StdPeriph_Driver_v3.5\src" -O0 --cpu=cortex-m3 -g -c -o "Libraries/Touch.o" "../Libraries/Touch.c"
'Finished building: ../Libraries/Touch.c'
' '
'Building file: ../Libraries/lcd.c'
'Invoking: ARM C Compiler 5'
armcc -I"C:\Users\hw_5\Desktop\git_repository\Project\launchpad\Libraries" -I"C:\Users\hw_5\Desktop\git_repository\Project\launchpad\Libraries\CMSIS\CoreSupport" -I"C:\Users\hw_5\Desktop\git_repository\Project\launchpad\Libraries\CMSIS\DeviceSupport" -I"C:\Users\hw_5\Desktop\git_repository\Project\launchpad\Libraries\CMSIS\DeviceSupport\Startup" -I"C:\Users\hw_5\Desktop\git_repository\Project\launchpad\Libraries\STM32F10x_StdPeriph_Driver_v3.5\inc" -I"C:\Users\hw_5\Desktop\git_repository\Project\launchpad\Libraries\STM32F10x_StdPeriph_Driver_v3.5\src" -O0 --cpu=cortex-m3 -g -c -o "Libraries/lcd.o" "../Libraries/lcd.c"
'Finished building: ../Libraries/lcd.c'
' '
'Building file: ../main.c'
'Invoking: ARM C Compiler 5'
armcc -I"C:\Users\hw_5\Desktop\git_repository\Project\launchpad\Libraries" -I"C:\Users\hw_5\Desktop\git_repository\Project\launchpad\Libraries\CMSIS\CoreSupport" -I"C:\Users\hw_5\Desktop\git_repository\Project\launchpad\Libraries\CMSIS\DeviceSupport" -I"C:\Users\hw_5\Desktop\git_repository\Project\launchpad\Libraries\CMSIS\DeviceSupport\Startup" -I"C:\Users\hw_5\Desktop\git_repository\Project\launchpad\Libraries\STM32F10x_StdPeriph_Driver_v3.5\inc" -I"C:\Users\hw_5\Desktop\git_repository\Project\launchpad\Libraries\STM32F10x_StdPeriph_Driver_v3.5\src" -O0 --cpu=cortex-m3 -g -c -o "main.o" "../main.c"
'Finished building: ../main.c'
' '
make: *** No rule to make target `launchpad/stm32-test.sct', needed by `launchpad.axf'.  Stop.
15:31:24 **** Incremental Build of configuration Debug for project launchpad ****
make all 
'Building file: ../init/config_nvic.c'
'Invoking: ARM C Compiler 5'
armcc -I"C:\Users\hw_5\Desktop\git_repository\Project\launchpad\Libraries" -I"C:\Users\hw_5\Desktop\git_repository\Project\launchpad\Libraries\CMSIS\CoreSupport" -I"C:\Users\hw_5\Desktop\git_repository\Project\launchpad\Libraries\CMSIS\DeviceSupport" -I"C:\Users\hw_5\Desktop\git_repository\Project\launchpad\Libraries\CMSIS\DeviceSupport\Startup" -I"C:\Users\hw_5\Desktop\git_repository\Project\launchpad\Libraries\STM32F10x_StdPeriph_Driver_v3.5\inc" -I"C:\Users\hw_5\Desktop\git_repository\Project\launchpad\Libraries\STM32F10x_StdPeriph_Driver_v3.5\src" -O0 --cpu=cortex-m3 -g -c -o "init/config_nvic.o" "../init/config_nvic.c"
"../init/config_nvic.h", line 25: Warning:  #1295-D: Deprecated declaration m_Init_USART3_NVIC - give arg types
  void m_Init_USART3_NVIC();
       ^
../init/config_nvic.c: 1 warning, 0 errors
'Finished building: ../init/config_nvic.c'
' '
make: *** No rule to make target `launchpad/stm32-test.sct', needed by `launchpad.axf'.  Stop.
15:31:36 **** Incremental Build of configuration Debug for project launchpad ****
make all 
'Building file: ../init/config_nvic.c'
'Invoking: ARM C Compiler 5'
armcc -I"C:\Users\hw_5\Desktop\git_repository\Project\launchpad\Libraries" -I"C:\Users\hw_5\Desktop\git_repository\Project\launchpad\Libraries\CMSIS\CoreSupport" -I"C:\Users\hw_5\Desktop\git_repository\Project\launchpad\Libraries\CMSIS\DeviceSupport" -I"C:\Users\hw_5\Desktop\git_repository\Project\launchpad\Libraries\CMSIS\DeviceSupport\Startup" -I"C:\Users\hw_5\Desktop\git_repository\Project\launchpad\Libraries\STM32F10x_StdPeriph_Driver_v3.5\inc" -I"C:\Users\hw_5\Desktop\git_repository\Project\launchpad\Libraries\STM32F10x_StdPeriph_Driver_v3.5\src" -O0 --cpu=cortex-m3 -g -c -o "init/config_nvic.o" "../init/config_nvic.c"
'Finished building: ../init/config_nvic.c'
' '
make: *** No rule to make target `launchpad/stm32-test.sct', needed by `launchpad.axf'.  Stop.
15:31:39 **** Incremental Build of configuration Debug for project launchpad ****
make all 
'Building file: ../init/config_system.c'
'Invoking: ARM C Compiler 5'
armcc -I"C:\Users\hw_5\Desktop\git_repository\Project\launchpad\Libraries" -I"C:\Users\hw_5\Desktop\git_repository\Project\launchpad\Libraries\CMSIS\CoreSupport" -I"C:\Users\hw_5\Desktop\git_repository\Project\launchpad\Libraries\CMSIS\DeviceSupport" -I"C:\Users\hw_5\Desktop\git_repository\Project\launchpad\Libraries\CMSIS\DeviceSupport\Startup" -I"C:\Users\hw_5\Desktop\git_repository\Project\launchpad\Libraries\STM32F10x_StdPeriph_Driver_v3.5\inc" -I"C:\Users\hw_5\Desktop\git_repository\Project\launchpad\Libraries\STM32F10x_StdPeriph_Driver_v3.5\src" -O0 --cpu=cortex-m3 -g -c -o "init/config_system.o" "../init/config_system.c"
"../init/config_system.h", line 16: Warning:  #1295-D: Deprecated declaration m_Init_GPIOA_Clock - give arg types
  void m_Init_GPIOA_Clock();
       ^
"../init/config_system.h", line 18: Warning:  #1295-D: Deprecated declaration m_Init_GPIOC_Clock - give arg types
  void m_Init_GPIOC_Clock();
       ^
"../init/config_system.h", line 20: Warning:  #1295-D: Deprecated declaration m_Init_USART2_Clock - give arg types
  void m_Init_USART2_Clock();
       ^
"../init/config_system.h", line 22: Warning:  #1295-D: Deprecated declaration m_Init_USART3_Clock - give arg types
  void m_Init_USART3_Clock();
       ^
../init/config_system.c: 4 warnings, 0 errors
'Finished building: ../init/config_system.c'
' '
make: *** No rule to make target `launchpad/stm32-test.sct', needed by `launchpad.axf'.  Stop.
15:32:27 **** Incremental Build of configuration Debug for project launchpad ****
make all 
'Building file: ../init/config_nvic.c'
'Invoking: ARM C Compiler 5'
armcc -I"C:\Users\hw_5\Desktop\git_repository\Project\launchpad\Libraries" -I"C:\Users\hw_5\Desktop\git_repository\Project\launchpad\Libraries\CMSIS\CoreSupport" -I"C:\Users\hw_5\Desktop\git_repository\Project\launchpad\Libraries\CMSIS\DeviceSupport" -I"C:\Users\hw_5\Desktop\git_repository\Project\launchpad\Libraries\CMSIS\DeviceSupport\Startup" -I"C:\Users\hw_5\Desktop\git_repository\Project\launchpad\Libraries\STM32F10x_StdPeriph_Driver_v3.5\inc" -I"C:\Users\hw_5\Desktop\git_repository\Project\launchpad\Libraries\STM32F10x_StdPeriph_Driver_v3.5\src" -O0 --cpu=cortex-m3 -g -c -o "init/config_nvic.o" "../init/config_nvic.c"
'Finished building: ../init/config_nvic.c'
' '
'Building file: ../init/config_system.c'
'Invoking: ARM C Compiler 5'
armcc -I"C:\Users\hw_5\Desktop\git_repository\Project\launchpad\Libraries" -I"C:\Users\hw_5\Desktop\git_repository\Project\launchpad\Libraries\CMSIS\CoreSupport" -I"C:\Users\hw_5\Desktop\git_repository\Project\launchpad\Libraries\CMSIS\DeviceSupport" -I"C:\Users\hw_5\Desktop\git_repository\Project\launchpad\Libraries\CMSIS\DeviceSupport\Startup" -I"C:\Users\hw_5\Desktop\git_repository\Project\launchpad\Libraries\STM32F10x_StdPeriph_Driver_v3.5\inc" -I"C:\Users\hw_5\Desktop\git_repository\Project\launchpad\Libraries\STM32F10x_StdPeriph_Driver_v3.5\src" -O0 --cpu=cortex-m3 -g -c -o "init/config_system.o" "../init/config_system.c"
'Finished building: ../init/config_system.c'
' '
make: *** No rule to make target `launchpad/stm32-test.sct', needed by `launchpad.axf'.  Stop.
15:35:01 **** Incremental Build of configuration Debug for project launchpad ****
make all 
'Building file: ../init/config_system.c'
'Invoking: ARM C Compiler 5'
armcc -I"C:\Users\hw_5\Desktop\git_repository\Project\launchpad\Libraries" -I"C:\Users\hw_5\Desktop\git_repository\Project\launchpad\Libraries\CMSIS\CoreSupport" -I"C:\Users\hw_5\Desktop\git_repository\Project\launchpad\Libraries\CMSIS\DeviceSupport" -I"C:\Users\hw_5\Desktop\git_repository\Project\launchpad\Libraries\CMSIS\DeviceSupport\Startup" -I"C:\Users\hw_5\Desktop\git_repository\Project\launchpad\Libraries\STM32F10x_StdPeriph_Driver_v3.5\inc" -I"C:\Users\hw_5\Desktop\git_repository\Project\launchpad\Libraries\STM32F10x_StdPeriph_Driver_v3.5\src" -O0 --cpu=cortex-m3 -g -c -o "init/config_system.o" "../init/config_system.c"
'Finished building: ../init/config_system.c'
' '
make: *** No rule to make target `launchpad/stm32-test.sct', needed by `launchpad.axf'.  Stop.
15:36:38 **** Incremental Build of configuration Debug for project launchpad ****
make all 
make: *** No rule to make target `launchpad/stm32-test.sct', needed by `launchpad.axf'.  Stop.
15:38:16 **** Incremental Build of configuration Debug for project launchpad ****
make all 
'Building file: ../main.c'
'Invoking: ARM C Compiler 5'
armcc -I"C:\Users\hw_5\Desktop\git_repository\Project\launchpad\Libraries" -I"C:\Users\hw_5\Desktop\git_repository\Project\launchpad\Libraries\CMSIS\CoreSupport" -I"C:\Users\hw_5\Desktop\git_repository\Project\launchpad\Libraries\CMSIS\DeviceSupport" -I"C:\Users\hw_5\Desktop\git_repository\Project\launchpad\Libraries\CMSIS\DeviceSupport\Startup" -I"C:\Users\hw_5\Desktop\git_repository\Project\launchpad\Libraries\STM32F10x_StdPeriph_Driver_v3.5\inc" -I"C:\Users\hw_5\Desktop\git_repository\Project\launchpad\Libraries\STM32F10x_StdPeriph_Driver_v3.5\src" -O0 --cpu=cortex-m3 -g -c -o "main.o" "../main.c"
"../bluetooth/config_bluetooth.h", line 25: Warning:  #1295-D: Deprecated declaration m_Init_BT_USART3 - give arg types
  void m_Init_BT_USART3();
       ^
"../bluetooth/config_bluetooth.h", line 27: Warning:  #1295-D: Deprecated declaration m_Init_BT_USART2 - give arg types
  void m_Init_BT_USART2();
       ^
"../bluetooth/config_bluetooth.h", line 29: Warning:  #1295-D: Deprecated declaration m_Init_BT_USART3_GPIOC - give arg types
  void m_Init_BT_USART3_GPIOC();
       ^
"../bluetooth/config_bluetooth.h", line 31: Warning:  #1295-D: Deprecated declaration m_Init_BT_USART2_GPIOA - give arg types
  void m_Init_BT_USART2_GPIOA();
       ^
"../bluetooth/config_bluetooth.h", line 33: Warning:  #1295-D: Deprecated declaration m_Init_BT_USART2_EXIT - give arg types
  void m_Init_BT_USART2_EXIT();
       ^
"../bluetooth/config_bluetooth.h", line 35: Warning:  #1295-D: Deprecated declaration m_Init_BT_USART3_EXIT - give arg types
  void m_Init_BT_USART3_EXIT();
       ^
../main.c: 6 warnings, 0 errors
'Finished building: ../main.c'
' '
make: *** No rule to make target `launchpad/stm32-test.sct', needed by `launchpad.axf'.  Stop.
15:40:37 **** Incremental Build of configuration Debug for project launchpad ****
make all 
'Building file: ../bluetooth/config_bluetooth.c'
'Invoking: ARM C Compiler 5'
armcc -I"C:\Users\hw_5\Desktop\git_repository\Project\launchpad\Libraries" -I"C:\Users\hw_5\Desktop\git_repository\Project\launchpad\Libraries\CMSIS\CoreSupport" -I"C:\Users\hw_5\Desktop\git_repository\Project\launchpad\Libraries\CMSIS\DeviceSupport" -I"C:\Users\hw_5\Desktop\git_repository\Project\launchpad\Libraries\CMSIS\DeviceSupport\Startup" -I"C:\Users\hw_5\Desktop\git_repository\Project\launchpad\Libraries\STM32F10x_StdPeriph_Driver_v3.5\inc" -I"C:\Users\hw_5\Desktop\git_repository\Project\launchpad\Libraries\STM32F10x_StdPeriph_Driver_v3.5\src" -O0 --cpu=cortex-m3 -g -c -o "bluetooth/config_bluetooth.o" "../bluetooth/config_bluetooth.c"
'Finished building: ../bluetooth/config_bluetooth.c'
' '
'Building file: ../main.c'
'Invoking: ARM C Compiler 5'
armcc -I"C:\Users\hw_5\Desktop\git_repository\Project\launchpad\Libraries" -I"C:\Users\hw_5\Desktop\git_repository\Project\launchpad\Libraries\CMSIS\CoreSupport" -I"C:\Users\hw_5\Desktop\git_repository\Project\launchpad\Libraries\CMSIS\DeviceSupport" -I"C:\Users\hw_5\Desktop\git_repository\Project\launchpad\Libraries\CMSIS\DeviceSupport\Startup" -I"C:\Users\hw_5\Desktop\git_repository\Project\launchpad\Libraries\STM32F10x_StdPeriph_Driver_v3.5\inc" -I"C:\Users\hw_5\Desktop\git_repository\Project\launchpad\Libraries\STM32F10x_StdPeriph_Driver_v3.5\src" -O0 --cpu=cortex-m3 -g -c -o "main.o" "../main.c"
'Finished building: ../main.c'
' '
make: *** No rule to make target `launchpad/stm32-test.sct', needed by `launchpad.axf'.  Stop.
15:42:07 **** Incremental Build of configuration Debug for project launchpad ****
make all 
make: *** No rule to make target `launchpad/stm32-test.sct', needed by `launchpad.axf'.  Stop.
15:43:55 **** Incremental Build of configuration Debug for project launchpad ****
make all 
make: *** No rule to make target `launchpad/stm32-test.sct', needed by `launchpad.axf'.  Stop.
15:44:23 **** Incremental Build of configuration Debug for project launchpad ****
make all 
make: *** No rule to make target `launchpad/stm32-test.sct', needed by `launchpad.axf'.  Stop.
15:47:20 **** Incremental Build of configuration Debug for project launchpad ****
make all 
make: *** No rule to make target `launchpad/stm32-test.sct', needed by `launchpad.axf'.  Stop.
15:48:03 **** Incremental Build of configuration Debug for project launchpad ****
make all 
make: *** No rule to make target `stm32-test.sct', needed by `launchpad.axf'.  Stop.
15:48:18 **** Incremental Build of configuration Debug for project launchpad ****
make all 
'Building target: launchpad.axf'
'Invoking: ARM Linker 5'
armlink --entry=main --cpu=cortex-m3 --scatter="C:\Users\hw_5\Desktop\git_repository\Project\launchpad\stm32-test.sct" --info=sizes -o "launchpad.axf"  ./init/config_nvic.o ./init/config_system.o  ./bluetooth/config_bluetooth.o  ./Libraries/STM32F10x_StdPeriph_Driver_v3.5/src/misc.o ./Libraries/STM32F10x_StdPeriph_Driver_v3.5/src/stm32f10x_adc.o ./Libraries/STM32F10x_StdPeriph_Driver_v3.5/src/stm32f10x_bkp.o ./Libraries/STM32F10x_StdPeriph_Driver_v3.5/src/stm32f10x_can.o ./Libraries/STM32F10x_StdPeriph_Driver_v3.5/src/stm32f10x_cec.o ./Libraries/STM32F10x_StdPeriph_Driver_v3.5/src/stm32f10x_crc.o ./Libraries/STM32F10x_StdPeriph_Driver_v3.5/src/stm32f10x_dac.o ./Libraries/STM32F10x_StdPeriph_Driver_v3.5/src/stm32f10x_dbgmcu.o ./Libraries/STM32F10x_StdPeriph_Driver_v3.5/src/stm32f10x_dma.o ./Libraries/STM32F10x_StdPeriph_Driver_v3.5/src/stm32f10x_exti.o ./Libraries/STM32F10x_StdPeriph_Driver_v3.5/src/stm32f10x_flash.o ./Libraries/STM32F10x_StdPeriph_Driver_v3.5/src/stm32f10x_fsmc.o ./Libraries/STM32F10x_StdPeriph_Driver_v3.5/src/stm32f10x_gpio.o ./Libraries/STM32F10x_StdPeriph_Driver_v3.5/src/stm32f10x_i2c.o ./Libraries/STM32F10x_StdPeriph_Driver_v3.5/src/stm32f10x_iwdg.o ./Libraries/STM32F10x_StdPeriph_Driver_v3.5/src/stm32f10x_pwr.o ./Libraries/STM32F10x_StdPeriph_Driver_v3.5/src/stm32f10x_rcc.o ./Libraries/STM32F10x_StdPeriph_Driver_v3.5/src/stm32f10x_rtc.o ./Libraries/STM32F10x_StdPeriph_Driver_v3.5/src/stm32f10x_sdio.o ./Libraries/STM32F10x_StdPeriph_Driver_v3.5/src/stm32f10x_spi.o ./Libraries/STM32F10x_StdPeriph_Driver_v3.5/src/stm32f10x_tim.o ./Libraries/STM32F10x_StdPeriph_Driver_v3.5/src/stm32f10x_usart.o ./Libraries/STM32F10x_StdPeriph_Driver_v3.5/src/stm32f10x_wwdg.o  ./Libraries/CMSIS/DeviceSupport/Startup/startup_stm32f10x_cl.o  ./Libraries/CMSIS/DeviceSupport/system_stm32f10x.o  ./Libraries/CMSIS/CoreSupport/core_cm3.o  ./Libraries/Touch.o ./Libraries/lcd.o  ./main.o   

==============================================================================

Image component sizes


      Code (inc. data)   RO Data    RW Data    ZI Data      Debug   Object Name

       368         18          0          0          0      19226   config_bluetooth.o
         0          0          0          0          0     223964   config_nvic.o
         0          0          0          0          0      13500   config_system.o
         4          0          0          0          0        403   main.o
        64         26        336          0       1536        896   startup_stm32f10x_cl.o
       284         10          0          0          0       2411   stm32f10x_exti.o
       860         38          0          0          0       5825   stm32f10x_gpio.o
      1284         64          0         20          0      11386   stm32f10x_rcc.o
       976         20          0          0          0       8484   stm32f10x_usart.o
       644         48          0         20          0       2095   system_stm32f10x.o

    ----------------------------------------------------------------------
      4484        224        368         40       1536     288190   Object Totals
         0          0         32          0          0          0   (incl. Generated)
         0          0          0          0          0          0   (incl. Padding)

    ----------------------------------------------------------------------

      Code (inc. data)   RO Data    RW Data    ZI Data      Debug   Library Member Name

         8          0          0          0          0         68   __main.o
        52          8          0          0          0          0   __scatter.o
        26          0          0          0          0          0   __scatter_copy.o
        28          0          0          0          0          0   __scatter_zi.o
        12          0          0          0          0         72   exit.o
         6          0          0          0          0        152   heapauxi.o
         0          0          0          0          0          0   indicate_semi.o
         2          0          0          0          0          0   libinit.o
         2          0          0          0          0          0   libinit2.o
         2          0          0          0          0          0   libshutdown.o
         2          0          0          0          0          0   libshutdown2.o
         8          4          0          0         96         68   libspace.o
         0          0          0          0          0          0   rtentry.o
        12          0          0          0          0          0   rtentry2.o
         6          0          0          0          0          0   rtentry4.o
         2          0          0          0          0          0   rtexit.o
        10          0          0          0          0          0   rtexit2.o
        12          4          0          0          0         68   sys_exit.o
        74          0          0          0          0         80   sys_stackheap_outer.o
         2          0          0          0          0         68   use_no_semi.o

    ----------------------------------------------------------------------
       276         16          0          0         96        576   Library Totals
        10          0          0          0          0          0   (incl. Padding)

    ----------------------------------------------------------------------

      Code (inc. data)   RO Data    RW Data    ZI Data      Debug   Library Name

       266         16          0          0         96        576   c_w.l

    ----------------------------------------------------------------------
       276         16          0          0         96        576   Library Totals

    ----------------------------------------------------------------------

==============================================================================


      Code (inc. data)   RO Data    RW Data    ZI Data      Debug   

      4760        240        368         40       1632     287982   Grand Totals
      4760        240        368         40       1632     287982   ELF Image Totals
      4760        240        368         40          0          0   ROM Totals

==============================================================================

    Total RO  Size (Code + RO Data)                 5128 (   5.01kB)
    Total RW  Size (RW Data + ZI Data)              1672 (   1.63kB)
    Total ROM Size (Code + RO Data + RW Data)       5168 (   5.05kB)

==============================================================================

'Finished building target: launchpad.axf'
' '
15:48:43 **** Incremental Build of configuration Debug for project launchpad ****
make all 
make: *** No rule to make target `launchpad/stm32-test.sct', needed by `launchpad.axf'.  Stop.
15:49:21 **** Incremental Build of configuration Debug for project launchpad ****
make all 
make: *** No rule to make target `/launchpad/stm32-test.sct', needed by `launchpad.axf'.  Stop.
15:50:45 **** Incremental Build of configuration Debug for project launchpad ****
make all 
make: *** No rule to make target `launchpad/stm32-test.sct', needed by `launchpad.axf'.  Stop.
15:51:21 **** Incremental Build of configuration Debug for project launchpad ****
make all 
'Building target: launchpad.axf'
'Invoking: ARM Linker 5'
armlink --entry=main --cpu=cortex-m3 --scatter="C:\Users\hw_5\Desktop\git_repository\Project\launchpad\stm32-test.sct" --info=sizes -o "launchpad.axf"  ./init/config_nvic.o ./init/config_system.o  ./bluetooth/config_bluetooth.o  ./Libraries/STM32F10x_StdPeriph_Driver_v3.5/src/misc.o ./Libraries/STM32F10x_StdPeriph_Driver_v3.5/src/stm32f10x_adc.o ./Libraries/STM32F10x_StdPeriph_Driver_v3.5/src/stm32f10x_bkp.o ./Libraries/STM32F10x_StdPeriph_Driver_v3.5/src/stm32f10x_can.o ./Libraries/STM32F10x_StdPeriph_Driver_v3.5/src/stm32f10x_cec.o ./Libraries/STM32F10x_StdPeriph_Driver_v3.5/src/stm32f10x_crc.o ./Libraries/STM32F10x_StdPeriph_Driver_v3.5/src/stm32f10x_dac.o ./Libraries/STM32F10x_StdPeriph_Driver_v3.5/src/stm32f10x_dbgmcu.o ./Libraries/STM32F10x_StdPeriph_Driver_v3.5/src/stm32f10x_dma.o ./Libraries/STM32F10x_StdPeriph_Driver_v3.5/src/stm32f10x_exti.o ./Libraries/STM32F10x_StdPeriph_Driver_v3.5/src/stm32f10x_flash.o ./Libraries/STM32F10x_StdPeriph_Driver_v3.5/src/stm32f10x_fsmc.o ./Libraries/STM32F10x_StdPeriph_Driver_v3.5/src/stm32f10x_gpio.o ./Libraries/STM32F10x_StdPeriph_Driver_v3.5/src/stm32f10x_i2c.o ./Libraries/STM32F10x_StdPeriph_Driver_v3.5/src/stm32f10x_iwdg.o ./Libraries/STM32F10x_StdPeriph_Driver_v3.5/src/stm32f10x_pwr.o ./Libraries/STM32F10x_StdPeriph_Driver_v3.5/src/stm32f10x_rcc.o ./Libraries/STM32F10x_StdPeriph_Driver_v3.5/src/stm32f10x_rtc.o ./Libraries/STM32F10x_StdPeriph_Driver_v3.5/src/stm32f10x_sdio.o ./Libraries/STM32F10x_StdPeriph_Driver_v3.5/src/stm32f10x_spi.o ./Libraries/STM32F10x_StdPeriph_Driver_v3.5/src/stm32f10x_tim.o ./Libraries/STM32F10x_StdPeriph_Driver_v3.5/src/stm32f10x_usart.o ./Libraries/STM32F10x_StdPeriph_Driver_v3.5/src/stm32f10x_wwdg.o  ./Libraries/CMSIS/DeviceSupport/Startup/startup_stm32f10x_cl.o  ./Libraries/CMSIS/DeviceSupport/system_stm32f10x.o  ./Libraries/CMSIS/CoreSupport/core_cm3.o  ./Libraries/Touch.o ./Libraries/lcd.o  ./main.o   

==============================================================================

Image component sizes


      Code (inc. data)   RO Data    RW Data    ZI Data      Debug   Object Name

       368         18          0          0          0      19226   config_bluetooth.o
         0          0          0          0          0     223964   config_nvic.o
         0          0          0          0          0      13500   config_system.o
         4          0          0          0          0        403   main.o
        64         26        336          0       1536        896   startup_stm32f10x_cl.o
       284         10          0          0          0       2411   stm32f10x_exti.o
       860         38          0          0          0       5825   stm32f10x_gpio.o
      1284         64          0         20          0      11386   stm32f10x_rcc.o
       976         20          0          0          0       8484   stm32f10x_usart.o
       644         48          0         20          0       2095   system_stm32f10x.o

    ----------------------------------------------------------------------
      4484        224        368         40       1536     288190   Object Totals
         0          0         32          0          0          0   (incl. Generated)
         0          0          0          0          0          0   (incl. Padding)

    ----------------------------------------------------------------------

      Code (inc. data)   RO Data    RW Data    ZI Data      Debug   Library Member Name

         8          0          0          0          0         68   __main.o
        52          8          0          0          0          0   __scatter.o
        26          0          0          0          0          0   __scatter_copy.o
        28          0          0          0          0          0   __scatter_zi.o
        12          0          0          0          0         72   exit.o
         6          0          0          0          0        152   heapauxi.o
         0          0          0          0          0          0   indicate_semi.o
         2          0          0          0          0          0   libinit.o
         2          0          0          0          0          0   libinit2.o
         2          0          0          0          0          0   libshutdown.o
         2          0          0          0          0          0   libshutdown2.o
         8          4          0          0         96         68   libspace.o
         0          0          0          0          0          0   rtentry.o
        12          0          0          0          0          0   rtentry2.o
         6          0          0          0          0          0   rtentry4.o
         2          0          0          0          0          0   rtexit.o
        10          0          0          0          0          0   rtexit2.o
        12          4          0          0          0         68   sys_exit.o
        74          0          0          0          0         80   sys_stackheap_outer.o
         2          0          0          0          0         68   use_no_semi.o

    ----------------------------------------------------------------------
       276         16          0          0         96        576   Library Totals
        10          0          0          0          0          0   (incl. Padding)

    ----------------------------------------------------------------------

      Code (inc. data)   RO Data    RW Data    ZI Data      Debug   Library Name

       266         16          0          0         96        576   c_w.l

    ----------------------------------------------------------------------
       276         16          0          0         96        576   Library Totals

    ----------------------------------------------------------------------

==============================================================================


      Code (inc. data)   RO Data    RW Data    ZI Data      Debug   

      4760        240        368         40       1632     287982   Grand Totals
      4760        240        368         40       1632     287982   ELF Image Totals
      4760        240        368         40          0          0   ROM Totals

==============================================================================

    Total RO  Size (Code + RO Data)                 5128 (   5.01kB)
    Total RW  Size (RW Data + ZI Data)              1672 (   1.63kB)
    Total ROM Size (Code + RO Data + RW Data)       5168 (   5.05kB)

==============================================================================

'Finished building target: launchpad.axf'
' '
15:55:19 **** Incremental Build of configuration Debug for project launchpad ****
make all 
'Building file: ../init/config_system.c'
'Invoking: ARM C Compiler 5'
armcc -I"C:\Users\hw_5\Desktop\git_repository\Project\launchpad\Libraries" -I"C:\Users\hw_5\Desktop\git_repository\Project\launchpad\Libraries\CMSIS\CoreSupport" -I"C:\Users\hw_5\Desktop\git_repository\Project\launchpad\Libraries\CMSIS\DeviceSupport" -I"C:\Users\hw_5\Desktop\git_repository\Project\launchpad\Libraries\CMSIS\DeviceSupport\Startup" -I"C:\Users\hw_5\Desktop\git_repository\Project\launchpad\Libraries\STM32F10x_StdPeriph_Driver_v3.5\inc" -I"C:\Users\hw_5\Desktop\git_repository\Project\launchpad\Libraries\STM32F10x_StdPeriph_Driver_v3.5\src" -O0 --cpu=cortex-m3 -g -c -o "init/config_system.o" "../init/config_system.c"
'Finished building: ../init/config_system.c'
' '
'Building file: ../bluetooth/config_bluetooth.c'
'Invoking: ARM C Compiler 5'
armcc -I"C:\Users\hw_5\Desktop\git_repository\Project\launchpad\Libraries" -I"C:\Users\hw_5\Desktop\git_repository\Project\launchpad\Libraries\CMSIS\CoreSupport" -I"C:\Users\hw_5\Desktop\git_repository\Project\launchpad\Libraries\CMSIS\DeviceSupport" -I"C:\Users\hw_5\Desktop\git_repository\Project\launchpad\Libraries\CMSIS\DeviceSupport\Startup" -I"C:\Users\hw_5\Desktop\git_repository\Project\launchpad\Libraries\STM32F10x_StdPeriph_Driver_v3.5\inc" -I"C:\Users\hw_5\Desktop\git_repository\Project\launchpad\Libraries\STM32F10x_StdPeriph_Driver_v3.5\src" -O0 --cpu=cortex-m3 -g -c -o "bluetooth/config_bluetooth.o" "../bluetooth/config_bluetooth.c"
'Finished building: ../bluetooth/config_bluetooth.c'
' '
'Building file: ../main.c'
'Invoking: ARM C Compiler 5'
armcc -I"C:\Users\hw_5\Desktop\git_repository\Project\launchpad\Libraries" -I"C:\Users\hw_5\Desktop\git_repository\Project\launchpad\Libraries\CMSIS\CoreSupport" -I"C:\Users\hw_5\Desktop\git_repository\Project\launchpad\Libraries\CMSIS\DeviceSupport" -I"C:\Users\hw_5\Desktop\git_repository\Project\launchpad\Libraries\CMSIS\DeviceSupport\Startup" -I"C:\Users\hw_5\Desktop\git_repository\Project\launchpad\Libraries\STM32F10x_StdPeriph_Driver_v3.5\inc" -I"C:\Users\hw_5\Desktop\git_repository\Project\launchpad\Libraries\STM32F10x_StdPeriph_Driver_v3.5\src" -O0 --cpu=cortex-m3 -g -c -o "main.o" "../main.c"
'Finished building: ../main.c'
' '
'Building target: launchpad.axf'
'Invoking: ARM Linker 5'
armlink --entry=main --cpu=cortex-m3 --scatter="C:\Users\hw_5\Desktop\git_repository\Project\launchpad\stm32-test.sct" --info=sizes -o "launchpad.axf"  ./init/config_nvic.o ./init/config_system.o  ./bluetooth/config_bluetooth.o  ./Libraries/STM32F10x_StdPeriph_Driver_v3.5/src/misc.o ./Libraries/STM32F10x_StdPeriph_Driver_v3.5/src/stm32f10x_adc.o ./Libraries/STM32F10x_StdPeriph_Driver_v3.5/src/stm32f10x_bkp.o ./Libraries/STM32F10x_StdPeriph_Driver_v3.5/src/stm32f10x_can.o ./Libraries/STM32F10x_StdPeriph_Driver_v3.5/src/stm32f10x_cec.o ./Libraries/STM32F10x_StdPeriph_Driver_v3.5/src/stm32f10x_crc.o ./Libraries/STM32F10x_StdPeriph_Driver_v3.5/src/stm32f10x_dac.o ./Libraries/STM32F10x_StdPeriph_Driver_v3.5/src/stm32f10x_dbgmcu.o ./Libraries/STM32F10x_StdPeriph_Driver_v3.5/src/stm32f10x_dma.o ./Libraries/STM32F10x_StdPeriph_Driver_v3.5/src/stm32f10x_exti.o ./Libraries/STM32F10x_StdPeriph_Driver_v3.5/src/stm32f10x_flash.o ./Libraries/STM32F10x_StdPeriph_Driver_v3.5/src/stm32f10x_fsmc.o ./Libraries/STM32F10x_StdPeriph_Driver_v3.5/src/stm32f10x_gpio.o ./Libraries/STM32F10x_StdPeriph_Driver_v3.5/src/stm32f10x_i2c.o ./Libraries/STM32F10x_StdPeriph_Driver_v3.5/src/stm32f10x_iwdg.o ./Libraries/STM32F10x_StdPeriph_Driver_v3.5/src/stm32f10x_pwr.o ./Libraries/STM32F10x_StdPeriph_Driver_v3.5/src/stm32f10x_rcc.o ./Libraries/STM32F10x_StdPeriph_Driver_v3.5/src/stm32f10x_rtc.o ./Libraries/STM32F10x_StdPeriph_Driver_v3.5/src/stm32f10x_sdio.o ./Libraries/STM32F10x_StdPeriph_Driver_v3.5/src/stm32f10x_spi.o ./Libraries/STM32F10x_StdPeriph_Driver_v3.5/src/stm32f10x_tim.o ./Libraries/STM32F10x_StdPeriph_Driver_v3.5/src/stm32f10x_usart.o ./Libraries/STM32F10x_StdPeriph_Driver_v3.5/src/stm32f10x_wwdg.o  ./Libraries/CMSIS/DeviceSupport/Startup/startup_stm32f10x_cl.o  ./Libraries/CMSIS/DeviceSupport/system_stm32f10x.o  ./Libraries/CMSIS/CoreSupport/core_cm3.o  ./Libraries/Touch.o ./Libraries/lcd.o  ./main.o   

==============================================================================

Image component sizes


      Code (inc. data)   RO Data    RW Data    ZI Data      Debug   Object Name

       368         18          0          0          0      19226   config_bluetooth.o
         0          0          0          0          0     223964   config_nvic.o
         0          0          0          0          0      13500   config_system.o
         4          0          0          0          0        403   main.o
        64         26        336          0       1536        896   startup_stm32f10x_cl.o
       284         10          0          0          0       2411   stm32f10x_exti.o
       860         38          0          0          0       5825   stm32f10x_gpio.o
      1284         64          0         20          0      11386   stm32f10x_rcc.o
       976         20          0          0          0       8484   stm32f10x_usart.o
       644         48          0         20          0       2095   system_stm32f10x.o

    ----------------------------------------------------------------------
      4484        224        368         40       1536     288190   Object Totals
         0          0         32          0          0          0   (incl. Generated)
         0          0          0          0          0          0   (incl. Padding)

    ----------------------------------------------------------------------

      Code (inc. data)   RO Data    RW Data    ZI Data      Debug   Library Member Name

         8          0          0          0          0         68   __main.o
        52          8          0          0          0          0   __scatter.o
        26          0          0          0          0          0   __scatter_copy.o
        28          0          0          0          0          0   __scatter_zi.o
        12          0          0          0          0         72   exit.o
         6          0          0          0          0        152   heapauxi.o
         0          0          0          0          0          0   indicate_semi.o
         2          0          0          0          0          0   libinit.o
         2          0          0          0          0          0   libinit2.o
         2          0          0          0          0          0   libshutdown.o
         2          0          0          0          0          0   libshutdown2.o
         8          4          0          0         96         68   libspace.o
         0          0          0          0          0          0   rtentry.o
        12          0          0          0          0          0   rtentry2.o
         6          0          0          0          0          0   rtentry4.o
         2          0          0          0          0          0   rtexit.o
        10          0          0          0          0          0   rtexit2.o
        12          4          0          0          0         68   sys_exit.o
        74          0          0          0          0         80   sys_stackheap_outer.o
         2          0          0          0          0         68   use_no_semi.o

    ----------------------------------------------------------------------
       276         16          0          0         96        576   Library Totals
        10          0          0          0          0          0   (incl. Padding)

    ----------------------------------------------------------------------

      Code (inc. data)   RO Data    RW Data    ZI Data      Debug   Library Name

       266         16          0          0         96        576   c_w.l

    ----------------------------------------------------------------------
       276         16          0          0         96        576   Library Totals

    ----------------------------------------------------------------------

==============================================================================


      Code (inc. data)   RO Data    RW Data    ZI Data      Debug   

      4760        240        368         40       1632     287982   Grand Totals
      4760        240        368         40       1632     287982   ELF Image Totals
      4760        240        368         40          0          0   ROM Totals

==============================================================================

    Total RO  Size (Code + RO Data)                 5128 (   5.01kB)
    Total RW  Size (RW Data + ZI Data)              1672 (   1.63kB)
    Total ROM Size (Code + RO Data + RW Data)       5168 (   5.05kB)

==============================================================================

'Finished building target: launchpad.axf'
' '
