00:34:24 **** Incremental Build of configuration Debug for project launchpad ****
make all 
'Building file: ../init/config_system.c'
'Invoking: ARM C Compiler 5'
armcc -I"C:\Users\hw_3\Desktop\2017_stm310_launchpad-taeohkim\Project\launchpad\Libraries" -I"C:\Users\hw_3\Desktop\2017_stm310_launchpad-taeohkim\Project\launchpad\Libraries\CMSIS\CoreSupport" -I"C:\Users\hw_3\Desktop\2017_stm310_launchpad-taeohkim\Project\launchpad\Libraries\CMSIS\DeviceSupport" -I"C:\Users\hw_3\Desktop\2017_stm310_launchpad-taeohkim\Project\launchpad\Libraries\CMSIS\DeviceSupport\Startup" -I"C:\Users\hw_3\Desktop\2017_stm310_launchpad-taeohkim\Project\launchpad\Libraries\STM32F10x_StdPeriph_Driver_v3.5\inc" -I"C:\Users\hw_3\Desktop\2017_stm310_launchpad-taeohkim\Project\launchpad\Libraries\STM32F10x_StdPeriph_Driver_v3.5\src" -O3 --cpu=cortex-m3 -g -c -o "init/config_system.o" "../init/config_system.c"
'Finished building: ../init/config_system.c'
' '
'Building file: ../main.c'
'Invoking: ARM C Compiler 5'
armcc -I"C:\Users\hw_3\Desktop\2017_stm310_launchpad-taeohkim\Project\launchpad\Libraries" -I"C:\Users\hw_3\Desktop\2017_stm310_launchpad-taeohkim\Project\launchpad\Libraries\CMSIS\CoreSupport" -I"C:\Users\hw_3\Desktop\2017_stm310_launchpad-taeohkim\Project\launchpad\Libraries\CMSIS\DeviceSupport" -I"C:\Users\hw_3\Desktop\2017_stm310_launchpad-taeohkim\Project\launchpad\Libraries\CMSIS\DeviceSupport\Startup" -I"C:\Users\hw_3\Desktop\2017_stm310_launchpad-taeohkim\Project\launchpad\Libraries\STM32F10x_StdPeriph_Driver_v3.5\inc" -I"C:\Users\hw_3\Desktop\2017_stm310_launchpad-taeohkim\Project\launchpad\Libraries\STM32F10x_StdPeriph_Driver_v3.5\src" -O3 --cpu=cortex-m3 -g -c -o "main.o" "../main.c"
'Finished building: ../main.c'
' '
'Building target: launchpad.axf'
'Invoking: ARM Linker 5'
armlink --entry=main --cpu=cortex-m3 --scatter="C:\Users\hw_3\Desktop\2017_stm310_launchpad-taeohkim\Project\launchpad\stm32-test.sct" --info=sizes -o "launchpad.axf"  ./init/config_exti.o ./init/config_nvic.o ./init/config_system.o  ./bluetooth/config_bluetooth.o  ./Libraries/STM32F10x_StdPeriph_Driver_v3.5/src/misc.o ./Libraries/STM32F10x_StdPeriph_Driver_v3.5/src/stm32f10x_adc.o ./Libraries/STM32F10x_StdPeriph_Driver_v3.5/src/stm32f10x_bkp.o ./Libraries/STM32F10x_StdPeriph_Driver_v3.5/src/stm32f10x_can.o ./Libraries/STM32F10x_StdPeriph_Driver_v3.5/src/stm32f10x_cec.o ./Libraries/STM32F10x_StdPeriph_Driver_v3.5/src/stm32f10x_crc.o ./Libraries/STM32F10x_StdPeriph_Driver_v3.5/src/stm32f10x_dac.o ./Libraries/STM32F10x_StdPeriph_Driver_v3.5/src/stm32f10x_dbgmcu.o ./Libraries/STM32F10x_StdPeriph_Driver_v3.5/src/stm32f10x_dma.o ./Libraries/STM32F10x_StdPeriph_Driver_v3.5/src/stm32f10x_exti.o ./Libraries/STM32F10x_StdPeriph_Driver_v3.5/src/stm32f10x_flash.o ./Libraries/STM32F10x_StdPeriph_Driver_v3.5/src/stm32f10x_fsmc.o ./Libraries/STM32F10x_StdPeriph_Driver_v3.5/src/stm32f10x_gpio.o ./Libraries/STM32F10x_StdPeriph_Driver_v3.5/src/stm32f10x_i2c.o ./Libraries/STM32F10x_StdPeriph_Driver_v3.5/src/stm32f10x_iwdg.o ./Libraries/STM32F10x_StdPeriph_Driver_v3.5/src/stm32f10x_pwr.o ./Libraries/STM32F10x_StdPeriph_Driver_v3.5/src/stm32f10x_rcc.o ./Libraries/STM32F10x_StdPeriph_Driver_v3.5/src/stm32f10x_rtc.o ./Libraries/STM32F10x_StdPeriph_Driver_v3.5/src/stm32f10x_sdio.o ./Libraries/STM32F10x_StdPeriph_Driver_v3.5/src/stm32f10x_spi.o ./Libraries/STM32F10x_StdPeriph_Driver_v3.5/src/stm32f10x_tim.o ./Libraries/STM32F10x_StdPeriph_Driver_v3.5/src/stm32f10x_usart.o ./Libraries/STM32F10x_StdPeriph_Driver_v3.5/src/stm32f10x_wwdg.o  ./Libraries/CMSIS/DeviceSupport/Startup/startup_stm32f10x_cl.o  ./Libraries/CMSIS/DeviceSupport/system_stm32f10x.o  ./Libraries/CMSIS/CoreSupport/core_cm3.o  ./Libraries/Touch.o ./Libraries/lcd.o  ./main.o   

==============================================================================

Image component sizes


      Code (inc. data)   RO Data    RW Data    ZI Data      Debug   Object Name

        70          0          0          0          0     237564   config_exti.o
       240          4          0          0          0      21721   config_system.o
      2096         42       4088          6          0       8801   lcd.o
       304          8          0         16          0      11513   main.o
       176         14          0          0          0       3693   misc.o
        64         26        336          0       1536        912   startup_stm32f10x_cl.o
       232          8          0          0          0       2347   stm32f10x_exti.o
      1148         22          0          0          0       8232   stm32f10x_flash.o
       620         36          0          0          0       5181   stm32f10x_gpio.o
       872         46          0         20          0      10454   stm32f10x_rcc.o
       452         46          0         20          0       2159   system_stm32f10x.o

    ----------------------------------------------------------------------
      6274        252       4456         64       1536     312577   Object Totals
         0          0         32          0          0          0   (incl. Generated)
         0          0          0          2          0          0   (incl. Padding)

    ----------------------------------------------------------------------

      Code (inc. data)   RO Data    RW Data    ZI Data      Debug   Library Member Name

         8          0          0          0          0         68   __main.o
        52          8          0          0          0          0   __scatter.o
        26          0          0          0          0          0   __scatter_copy.o
        28          0          0          0          0          0   __scatter_zi.o
        12          0          0          0          0         72   exit.o
         6          0          0          0          0        152   heapauxi.o
         0          0          0          0          0          0   indicate_semi.o
         2          0          0          0          0          0   libinit.o
         2          0          0          0          0          0   libinit2.o
         2          0          0          0          0          0   libshutdown.o
         2          0          0          0          0          0   libshutdown2.o
         8          4          0          0         96         68   libspace.o
         0          0          0          0          0          0   rtentry.o
        12          0          0          0          0          0   rtentry2.o
         6          0          0          0          0          0   rtentry4.o
         2          0          0          0          0          0   rtexit.o
        10          0          0          0          0          0   rtexit2.o
        12          4          0          0          0         68   sys_exit.o
        74          0          0          0          0         80   sys_stackheap_outer.o
         2          0          0          0          0         68   use_no_semi.o

    ----------------------------------------------------------------------
       270         16          0          0         96        576   Library Totals
         4          0          0          0          0          0   (incl. Padding)

    ----------------------------------------------------------------------

      Code (inc. data)   RO Data    RW Data    ZI Data      Debug   Library Name

       266         16          0          0         96        576   c_w.l

    ----------------------------------------------------------------------
       270         16          0          0         96        576   Library Totals

    ----------------------------------------------------------------------

==============================================================================


      Code (inc. data)   RO Data    RW Data    ZI Data      Debug   

      6544        268       4456         64       1632     311745   Grand Totals
      6544        268       4456         64       1632     311745   ELF Image Totals
      6544        268       4456         64          0          0   ROM Totals

==============================================================================

    Total RO  Size (Code + RO Data)                11000 (  10.74kB)
    Total RW  Size (RW Data + ZI Data)              1696 (   1.66kB)
    Total ROM Size (Code + RO Data + RW Data)      11064 (  10.80kB)

==============================================================================

'Finished building target: launchpad.axf'
' '

00:34:25 Build Finished (took 680ms)

